{"C:\\Users\\jenna\\Testaus\\vitetodotest\\src\\App.jsx": {"path":"C:\\Users\\jenna\\Testaus\\vitetodotest\\src\\App.jsx","all":false,"statementMap":{"0":{"start":{"line":1,"column":0},"end":{"line":1,"column":34}},"1":{"start":{"line":2,"column":0},"end":{"line":2,"column":19}},"2":{"start":{"line":3,"column":0},"end":{"line":3,"column":36}},"3":{"start":{"line":4,"column":0},"end":{"line":4,"column":0}},"4":{"start":{"line":5,"column":0},"end":{"line":5,"column":16}},"5":{"start":{"line":6,"column":0},"end":{"line":6,"column":57}},"6":{"start":{"line":7,"column":0},"end":{"line":7,"column":41}},"7":{"start":{"line":8,"column":0},"end":{"line":8,"column":0}},"8":{"start":{"line":9,"column":0},"end":{"line":9,"column":25}},"9":{"start":{"line":10,"column":0},"end":{"line":10,"column":27}},"10":{"start":{"line":11,"column":0},"end":{"line":11,"column":31}},"11":{"start":{"line":12,"column":0},"end":{"line":12,"column":34}},"12":{"start":{"line":13,"column":0},"end":{"line":13,"column":3}},"13":{"start":{"line":14,"column":0},"end":{"line":14,"column":0}},"14":{"start":{"line":15,"column":0},"end":{"line":15,"column":35}},"15":{"start":{"line":16,"column":0},"end":{"line":16,"column":64}},"16":{"start":{"line":17,"column":0},"end":{"line":17,"column":4}},"17":{"start":{"line":18,"column":0},"end":{"line":18,"column":0}},"18":{"start":{"line":19,"column":0},"end":{"line":19,"column":32}},"19":{"start":{"line":20,"column":0},"end":{"line":20,"column":17}},"20":{"start":{"line":21,"column":0},"end":{"line":21,"column":3}},"21":{"start":{"line":22,"column":0},"end":{"line":22,"column":0}},"22":{"start":{"line":23,"column":0},"end":{"line":23,"column":10}},"23":{"start":{"line":24,"column":0},"end":{"line":24,"column":25}},"24":{"start":{"line":25,"column":0},"end":{"line":25,"column":26}},"25":{"start":{"line":26,"column":0},"end":{"line":26,"column":99}},"26":{"start":{"line":27,"column":0},"end":{"line":27,"column":106}},"27":{"start":{"line":28,"column":0},"end":{"line":28,"column":44}},"28":{"start":{"line":29,"column":0},"end":{"line":29,"column":48}},"29":{"start":{"line":30,"column":0},"end":{"line":30,"column":33}},"30":{"start":{"line":31,"column":0},"end":{"line":31,"column":10}},"31":{"start":{"line":32,"column":0},"end":{"line":32,"column":4}},"32":{"start":{"line":33,"column":0},"end":{"line":33,"column":1}},"33":{"start":{"line":34,"column":0},"end":{"line":34,"column":0}},"34":{"start":{"line":35,"column":0},"end":{"line":35,"column":19}}},"s":{"0":1,"1":1,"2":1,"3":1,"4":5,"5":5,"6":5,"7":5,"8":5,"9":1,"10":1,"11":1,"12":1,"13":5,"14":5,"15":2,"16":2,"17":5,"18":5,"19":0,"20":0,"21":5,"22":5,"23":5,"24":5,"25":5,"26":5,"27":5,"28":5,"29":5,"30":5,"31":5,"32":5,"33":1,"34":1},"branchMap":{"0":{"type":"branch","line":5,"loc":{"start":{"line":5,"column":0},"end":{"line":33,"column":1}},"locations":[{"start":{"line":5,"column":0},"end":{"line":33,"column":1}}]},"1":{"type":"branch","line":9,"loc":{"start":{"line":9,"column":18},"end":{"line":13,"column":3}},"locations":[{"start":{"line":9,"column":18},"end":{"line":13,"column":3}}]},"2":{"type":"branch","line":15,"loc":{"start":{"line":15,"column":23},"end":{"line":17,"column":4}},"locations":[{"start":{"line":15,"column":23},"end":{"line":17,"column":4}}]}},"b":{"0":[5],"1":[1],"2":[2]},"fnMap":{"0":{"name":"App","decl":{"start":{"line":5,"column":0},"end":{"line":33,"column":1}},"loc":{"start":{"line":5,"column":0},"end":{"line":33,"column":1}},"line":5},"1":{"name":"addTodo","decl":{"start":{"line":9,"column":18},"end":{"line":13,"column":3}},"loc":{"start":{"line":9,"column":18},"end":{"line":13,"column":3}},"line":9},"2":{"name":"inputChanged","decl":{"start":{"line":15,"column":23},"end":{"line":17,"column":4}},"loc":{"start":{"line":15,"column":23},"end":{"line":17,"column":4}},"line":15},"3":{"name":"emptyTodo","decl":{"start":{"line":19,"column":20},"end":{"line":21,"column":3}},"loc":{"start":{"line":19,"column":20},"end":{"line":21,"column":3}},"line":19}},"f":{"0":5,"1":1,"2":2,"3":0}}
,"C:\\Users\\jenna\\Testaus\\vitetodotest\\src\\TodoTable.jsx": {"path":"C:\\Users\\jenna\\Testaus\\vitetodotest\\src\\TodoTable.jsx","all":false,"statementMap":{"0":{"start":{"line":1,"column":0},"end":{"line":1,"column":42}},"1":{"start":{"line":2,"column":0},"end":{"line":2,"column":10}},"2":{"start":{"line":3,"column":0},"end":{"line":3,"column":9}},"3":{"start":{"line":4,"column":0},"end":{"line":4,"column":35}},"4":{"start":{"line":5,"column":0},"end":{"line":5,"column":7}},"5":{"start":{"line":6,"column":0},"end":{"line":6,"column":41}},"6":{"start":{"line":7,"column":0},"end":{"line":7,"column":26}},"7":{"start":{"line":8,"column":0},"end":{"line":8,"column":32}},"8":{"start":{"line":9,"column":0},"end":{"line":9,"column":32}},"9":{"start":{"line":10,"column":0},"end":{"line":10,"column":16}},"10":{"start":{"line":11,"column":0},"end":{"line":11,"column":9}},"11":{"start":{"line":12,"column":0},"end":{"line":12,"column":28}},"12":{"start":{"line":13,"column":0},"end":{"line":13,"column":10}},"13":{"start":{"line":14,"column":0},"end":{"line":14,"column":3}},"14":{"start":{"line":15,"column":0},"end":{"line":15,"column":1}}},"s":{"0":6,"1":6,"2":6,"3":6,"4":6,"5":6,"6":2,"7":2,"8":2,"9":6,"10":6,"11":6,"12":6,"13":6,"14":6},"branchMap":{"0":{"type":"branch","line":1,"loc":{"start":{"line":1,"column":0},"end":{"line":15,"column":1}},"locations":[{"start":{"line":1,"column":0},"end":{"line":15,"column":1}}]},"1":{"type":"branch","line":6,"loc":{"start":{"line":6,"column":24},"end":{"line":10,"column":15}},"locations":[{"start":{"line":6,"column":24},"end":{"line":10,"column":15}}]}},"b":{"0":[6],"1":[2]},"fnMap":{"0":{"name":"TodoTable","decl":{"start":{"line":1,"column":0},"end":{"line":15,"column":1}},"loc":{"start":{"line":1,"column":0},"end":{"line":15,"column":1}},"line":1}},"f":{"0":6}}
}
